1.2570 	WARNING 	We strongly recommend you activate the PTB sound engine in PsychoPy prefs as the preferred audio engine. Its timing is vastly superior. Your prefs are currently set to use ['sounddevice', 'PTB', 'pyo', 'pygame'] (in that order).
5.4372 	WARNING 	Import Error: No module named 'psychtoolbox'. Using event module for keyboard component.
9.2149 	WARNING 	User requested fullscreen with size [1024  768], but screen is actually [1920, 1080]. Using actual size
10.4378 	EXP 	Created window1 = Window(allowGUI=False, allowStencil=False, args=UNKNOWN, autoLog=True, bitsMode=UNKNOWN, blendMode='avg', bpc=(8, 8, 8), color=array([0., 0., 0.]), colorSpace='rgb', depthBits=8, fullscr=<method-wrapper '__getattribute__' of attributeSetter object at 0x000002D346EE5208>, gamma=None, gammaErrorPolicy='raise', kwargs=UNKNOWN, lms=UNKNOWN, monitor=<psychopy.monitors.calibTools.Monitor object at 0x000002D346F52BC8>, multiSample=False, name='window1', numSamples=2, pos=[0.0, 0.0], screen=0, size=array([1920, 1080]), stencilBits=0, stereo=False, units='height', useFBO=True, useRetina=False, viewOri=0.0, viewPos=None, viewScale=None, waitBlanking=True, winType='pyglet')
10.4385 	EXP 	window1: mouseVisible = True
10.4385 	EXP 	window1: recordFrameIntervals = False
10.6033 	EXP 	window1: recordFrameIntervals = True
10.7872 	EXP 	window1: recordFrameIntervals = False
11.0707 	EXP 	Created intrText = TextStim(__class__=<class 'psychopy.visual.text.TextStim'>, alignHoriz=method-wrapper(...), alignText='center', alignVert=method-wrapper(...), anchorHoriz='center', anchorVert='center', antialias=True, autoLog=True, bold=False, color='white', colorSpace='named', contrast=1.0, depth=0.0, flipHoriz=False, flipVert=False, font='Arial', fontFiles=[], height=0.1, italic=False, languageStyle='LTR', name='intrText', opacity=1.0, ori=0, pos=array([0., 0.]), rgb=array([255., 255., 255.]), text=str(...), units='height', win=Window(...), wrapWidth=1)
11.0916 	EXP 	Created target = TextStim(__class__=<class 'psychopy.visual.text.TextStim'>, alignHoriz=method-wrapper(...), alignText='center', alignVert=method-wrapper(...), anchorHoriz='center', anchorVert='center', antialias=True, autoLog=True, bold=False, color='white', colorSpace='named', contrast=1.0, depth=0.0, flipHoriz=False, flipVert=False, font='Arial', fontFiles=[], height=0.05, italic=False, languageStyle='LTR', name='target', opacity=1.0, ori=0, pos=array([0., 0.]), rgb=array([255., 255., 255.]), text='default text', units='height', win=Window(...), wrapWidth=1)
11.1106 	EXP 	intrText: autoDraw = True
12.4736 	DATA 	Keypress: return
12.6996 	EXP 	Imported Sentences4Verification.xlsx as conditions, 123 conditions, 3 params
12.7011 	EXP 	Created sequence: random, trialTypes=123, nReps=1, seed=None
12.7017 	EXP 	New trial (rep=0, index=0): OrderedDict([('sentence', 'un labrador tiene plumas'), ('type', 'P'), ('corrAns', 'f')])
12.7310 	EXP 	intrText: autoDraw = False
12.7310 	EXP 	target: color = 'white (named)'
12.7310 	EXP 	target: text = 'un labrador tiene plumas'
13.2215 	EXP 	target: autoDraw = True
15.9568 	DATA 	Keypress: f
15.9596 	EXP 	New trial (rep=0, index=1): OrderedDict([('sentence', 'un canario puede volar'), ('type', 'P1'), ('corrAns', 'v')])
15.9785 	EXP 	target: autoDraw = False
15.9785 	EXP 	target: color = 'white (named)'
15.9785 	EXP 	target: text = 'un canario puede volar'
16.4724 	EXP 	target: autoDraw = True
20.9586 	EXP 	New trial (rep=0, index=2): OrderedDict([('sentence', 'un dalmata tiene pelo'), ('type', 'P1'), ('corrAns', 'v')])
20.9761 	EXP 	target: autoDraw = False
20.9761 	EXP 	target: autoDraw = False
20.9761 	EXP 	target: color = 'white (named)'
20.9761 	EXP 	target: text = 'un dalmata tiene pelo'
21.4576 	EXP 	target: autoDraw = True
23.6426 	DATA 	Keypress: escape
23.9197 	EXP 	window1: mouseVisible = True
